c:\program files\infowatch\devicemonitor\client\logs\print\printlogverbose_[cl.exe__8396__2026.4.14_9.38.0].txt
c:\program files\infowatch\devicemonitor\client\logs\detours\hookapidetourslogverbose_[cl.exe__8396__2026.4.14_9.38.0].txt
c:\program files\infowatch\devicemonitor\client\logs\copymove\copymovelogverbose_[cl.exe__8396__2026.4.14_9.38.0].txt
c:\program files\infowatch\devicemonitor\client\logs\clipboard\clipboardmonitorlogverbose_[cl.exe__8396__2026.4.14_9.38.0].txt
c:\program files\infowatch\devicemonitor\client\logs\mtp\mtplogverbose_[cl.exe_8396__2026.4.14_9.38.0].txt
c:\program files\infowatch\devicemonitor\client\logs\soundcapture\soundcapturelogverbose_[cl.exe__8396__2026.4.14_9.38.0].txt
c:\32_learn\classes\classthing\classthing\debug\vc141.pdb
c:\32_learn\classes\classthing\classthing\debug\vc141.idb
c:\32_learn\classes\classthing\classthing\debug\main.obj
c:\program files\infowatch\devicemonitor\client\logs\print\printlogverbose_[link.exe__9708__2026.4.14_9.38.0].txt
c:\program files\infowatch\devicemonitor\client\logs\detours\hookapidetourslogverbose_[link.exe__9708__2026.4.14_9.38.0].txt
c:\program files\infowatch\devicemonitor\client\logs\copymove\copymovelogverbose_[link.exe__9708__2026.4.14_9.38.0].txt
c:\program files\infowatch\devicemonitor\client\logs\clipboard\clipboardmonitorlogverbose_[link.exe__9708__2026.4.14_9.38.0].txt
c:\program files\infowatch\devicemonitor\client\logs\mtp\mtplogverbose_[link.exe_9708__2026.4.14_9.38.0].txt
c:\program files\infowatch\devicemonitor\client\logs\soundcapture\soundcapturelogverbose_[link.exe__9708__2026.4.14_9.38.0].txt
c:\32_learn\classes\classthing\debug\classthing.ilk
c:\32_learn\classes\classthing\debug\classthing.exe
c:\program files\infowatch\devicemonitor\client\logs\print\printlogverbose_[cvtres.exe__21956__2026.4.14_9.38.0].txt
c:\program files\infowatch\devicemonitor\client\logs\detours\hookapidetourslogverbose_[cvtres.exe__21956__2026.4.14_9.38.0].txt
c:\program files\infowatch\devicemonitor\client\logs\copymove\copymovelogverbose_[cvtres.exe__21956__2026.4.14_9.38.0].txt
c:\program files\infowatch\devicemonitor\client\logs\clipboard\clipboardmonitorlogverbose_[cvtres.exe__21956__2026.4.14_9.38.0].txt
c:\program files\infowatch\devicemonitor\client\logs\mtp\mtplogverbose_[cvtres.exe_21956__2026.4.14_9.38.0].txt
c:\program files\infowatch\devicemonitor\client\logs\soundcapture\soundcapturelogverbose_[cvtres.exe__21956__2026.4.14_9.38.0].txt
c:\program files\infowatch\devicemonitor\client\logs\print\printlogverbose_[rc.exe__24208__2026.4.14_9.38.0].txt
c:\program files\infowatch\devicemonitor\client\logs\detours\hookapidetourslogverbose_[rc.exe__24208__2026.4.14_9.38.0].txt
c:\program files\infowatch\devicemonitor\client\logs\copymove\copymovelogverbose_[rc.exe__24208__2026.4.14_9.38.0].txt
c:\program files\infowatch\devicemonitor\client\logs\clipboard\clipboardmonitorlogverbose_[rc.exe__24208__2026.4.14_9.38.0].txt
c:\program files\infowatch\devicemonitor\client\logs\mtp\mtplogverbose_[rc.exe_24208__2026.4.14_9.38.0].txt
c:\program files\infowatch\devicemonitor\client\logs\soundcapture\soundcapturelogverbose_[rc.exe__24208__2026.4.14_9.38.0].txt
c:\32_learn\classes\classthing\debug\classthing.pdb
c:\32_learn\classes\classthing\classthing\debug\classthing.tlog\cl.command.1.tlog
c:\32_learn\classes\classthing\classthing\debug\classthing.tlog\cl.read.1.tlog
c:\32_learn\classes\classthing\classthing\debug\classthing.tlog\cl.write.1.tlog
c:\32_learn\classes\classthing\classthing\debug\classthing.tlog\link.command.1.tlog
c:\32_learn\classes\classthing\classthing\debug\classthing.tlog\link.read.1.tlog
c:\32_learn\classes\classthing\classthing\debug\classthing.tlog\link.write.1.tlog
