c:\program files\infowatch\devicemonitor\client\logs\print\printlogverbose_[cl.exe__22136__2026.4.17_16.8.38].txt
c:\program files\infowatch\devicemonitor\client\logs\detours\hookapidetourslogverbose_[cl.exe__22136__2026.4.17_16.8.38].txt
c:\program files\infowatch\devicemonitor\client\logs\copymove\copymovelogverbose_[cl.exe__22136__2026.4.17_16.8.38].txt
c:\program files\infowatch\devicemonitor\client\logs\clipboard\clipboardmonitorlogverbose_[cl.exe__22136__2026.4.17_16.8.38].txt
c:\program files\infowatch\devicemonitor\client\logs\mtp\mtplogverbose_[cl.exe_22136__2026.4.17_16.8.38].txt
c:\program files\infowatch\devicemonitor\client\logs\soundcapture\soundcapturelogverbose_[cl.exe__22136__2026.4.17_16.8.38].txt
c:\34mygit\cpp_examples\derrived\derivedclass1\derivedclass1\debug\vc141.pdb
c:\34mygit\cpp_examples\derrived\derivedclass1\derivedclass1\debug\vc141.idb
c:\34mygit\cpp_examples\derrived\derivedclass1\derivedclass1\debug\derivedclass1.obj
c:\program files\infowatch\devicemonitor\client\logs\print\printlogverbose_[link.exe__17848__2026.4.17_16.8.38].txt
c:\program files\infowatch\devicemonitor\client\logs\detours\hookapidetourslogverbose_[link.exe__17848__2026.4.17_16.8.38].txt
c:\program files\infowatch\devicemonitor\client\logs\copymove\copymovelogverbose_[link.exe__17848__2026.4.17_16.8.38].txt
c:\program files\infowatch\devicemonitor\client\logs\clipboard\clipboardmonitorlogverbose_[link.exe__17848__2026.4.17_16.8.38].txt
c:\program files\infowatch\devicemonitor\client\logs\mtp\mtplogverbose_[link.exe_17848__2026.4.17_16.8.38].txt
c:\program files\infowatch\devicemonitor\client\logs\soundcapture\soundcapturelogverbose_[link.exe__17848__2026.4.17_16.8.38].txt
c:\34mygit\cpp_examples\derrived\derivedclass1\debug\derivedclass1.ilk
c:\34mygit\cpp_examples\derrived\derivedclass1\debug\derivedclass1.exe
c:\program files\infowatch\devicemonitor\client\logs\print\printlogverbose_[cvtres.exe__3128__2026.4.17_16.8.38].txt
c:\program files\infowatch\devicemonitor\client\logs\detours\hookapidetourslogverbose_[cvtres.exe__3128__2026.4.17_16.8.38].txt
c:\program files\infowatch\devicemonitor\client\logs\copymove\copymovelogverbose_[cvtres.exe__3128__2026.4.17_16.8.38].txt
c:\program files\infowatch\devicemonitor\client\logs\clipboard\clipboardmonitorlogverbose_[cvtres.exe__3128__2026.4.17_16.8.38].txt
c:\program files\infowatch\devicemonitor\client\logs\mtp\mtplogverbose_[cvtres.exe_3128__2026.4.17_16.8.38].txt
c:\program files\infowatch\devicemonitor\client\logs\soundcapture\soundcapturelogverbose_[cvtres.exe__3128__2026.4.17_16.8.38].txt
c:\program files\infowatch\devicemonitor\client\logs\print\printlogverbose_[rc.exe__13084__2026.4.17_16.8.38].txt
c:\program files\infowatch\devicemonitor\client\logs\detours\hookapidetourslogverbose_[rc.exe__13084__2026.4.17_16.8.38].txt
c:\program files\infowatch\devicemonitor\client\logs\copymove\copymovelogverbose_[rc.exe__13084__2026.4.17_16.8.38].txt
c:\program files\infowatch\devicemonitor\client\logs\clipboard\clipboardmonitorlogverbose_[rc.exe__13084__2026.4.17_16.8.38].txt
c:\program files\infowatch\devicemonitor\client\logs\mtp\mtplogverbose_[rc.exe_13084__2026.4.17_16.8.38].txt
c:\program files\infowatch\devicemonitor\client\logs\soundcapture\soundcapturelogverbose_[rc.exe__13084__2026.4.17_16.8.38].txt
c:\34mygit\cpp_examples\derrived\derivedclass1\debug\derivedclass1.pdb
c:\34mygit\cpp_examples\derrived\derivedclass1\derivedclass1\debug\derivedclass1.tlog\cl.command.1.tlog
c:\34mygit\cpp_examples\derrived\derivedclass1\derivedclass1\debug\derivedclass1.tlog\cl.read.1.tlog
c:\34mygit\cpp_examples\derrived\derivedclass1\derivedclass1\debug\derivedclass1.tlog\cl.write.1.tlog
c:\34mygit\cpp_examples\derrived\derivedclass1\derivedclass1\debug\derivedclass1.tlog\link.command.1.tlog
c:\34mygit\cpp_examples\derrived\derivedclass1\derivedclass1\debug\derivedclass1.tlog\link.read.1.tlog
c:\34mygit\cpp_examples\derrived\derivedclass1\derivedclass1\debug\derivedclass1.tlog\link.write.1.tlog
